  [1m[35m (0.2ms)[0m  [1m[34mSELECT GET_LOCK('5786334618075594030', 0)[0m
  [1m[36mActiveRecord::SchemaMigration Pluck (0.2ms)[0m  [1m[34mSELECT `schema_migrations`.`version` FROM `schema_migrations` ORDER BY `schema_migrations`.`version` ASC[0m
  [1m[36mActiveRecord::InternalMetadata Load (0.2ms)[0m  [1m[34mSELECT `ar_internal_metadata`.* FROM `ar_internal_metadata` WHERE `ar_internal_metadata`.`key` = 'environment' LIMIT 1[0m
  [1m[35m (0.2ms)[0m  [1m[34mSELECT RELEASE_LOCK('5786334618075594030')[0m
  [1m[36mActiveRecord::SchemaMigration Pluck (0.2ms)[0m  [1m[34mSELECT `schema_migrations`.`version` FROM `schema_migrations` ORDER BY `schema_migrations`.`version` ASC[0m
  [1m[35m (9.5ms)[0m  [1m[35mCREATE TABLE `schema_migrations` (`version` varchar(255) NOT NULL PRIMARY KEY)[0m
  [1m[35m (9.8ms)[0m  [1m[35mCREATE TABLE `ar_internal_metadata` (`key` varchar(255) NOT NULL PRIMARY KEY, `value` varchar(255), `created_at` datetime(6) NOT NULL, `updated_at` datetime(6) NOT NULL)[0m
  [1m[35m (0.1ms)[0m  [1m[34mSELECT GET_LOCK('5786334618075594030', 0)[0m
  [1m[36mActiveRecord::SchemaMigration Pluck (1.8ms)[0m  [1m[34mSELECT `schema_migrations`.`version` FROM `schema_migrations` ORDER BY `schema_migrations`.`version` ASC[0m
Migrating to CreateUsers (20230924075125)
  [1m[35m (10.1ms)[0m  [1m[35mCREATE TABLE `users` (`id` bigint NOT NULL AUTO_INCREMENT PRIMARY KEY, `name` varchar(255), `email` varchar(255), `created_at` datetime(6) NOT NULL, `updated_at` datetime(6) NOT NULL)[0m
  [1m[36mTRANSACTION (0.1ms)[0m  [1m[35mBEGIN[0m
  [1m[36mActiveRecord::SchemaMigration Create (0.2ms)[0m  [1m[32mINSERT INTO `schema_migrations` (`version`) VALUES ('20230924075125')[0m
  [1m[36mTRANSACTION (1.0ms)[0m  [1m[35mCOMMIT[0m
Migrating to AddBirthdayToUsers (20230924094732)
  [1m[35m (6.8ms)[0m  [1m[35mALTER TABLE `users` ADD `birthday` datetime(6)[0m
  [1m[36mTRANSACTION (0.2ms)[0m  [1m[35mBEGIN[0m
  [1m[36mActiveRecord::SchemaMigration Create (0.3ms)[0m  [1m[32mINSERT INTO `schema_migrations` (`version`) VALUES ('20230924094732')[0m
  [1m[36mTRANSACTION (1.2ms)[0m  [1m[35mCOMMIT[0m
Migrating to AddIndexToUsersEmail (20230924141951)
  [1m[35m (6.7ms)[0m  [1m[35mCREATE UNIQUE INDEX `index_users_on_email` ON `users` (`email`)[0m
  [1m[36mTRANSACTION (0.2ms)[0m  [1m[35mBEGIN[0m
  [1m[36mActiveRecord::SchemaMigration Create (0.2ms)[0m  [1m[32mINSERT INTO `schema_migrations` (`version`) VALUES ('20230924141951')[0m
  [1m[36mTRANSACTION (1.3ms)[0m  [1m[35mCOMMIT[0m
Migrating to AddPasswordDigestToUsers (20230924143922)
  [1m[35m (8.4ms)[0m  [1m[35mALTER TABLE `users` ADD `password_digest` varchar(255)[0m
  [1m[36mTRANSACTION (0.1ms)[0m  [1m[35mBEGIN[0m
  [1m[36mActiveRecord::SchemaMigration Create (0.2ms)[0m  [1m[32mINSERT INTO `schema_migrations` (`version`) VALUES ('20230924143922')[0m
  [1m[36mTRANSACTION (1.7ms)[0m  [1m[35mCOMMIT[0m
Migrating to RemovebirthdayFromUsers (20230926130519)
  [1m[36mTRANSACTION (0.2ms)[0m  [1m[35mBEGIN[0m
  [1m[36mActiveRecord::SchemaMigration Create (0.2ms)[0m  [1m[32mINSERT INTO `schema_migrations` (`version`) VALUES ('20230926130519')[0m
  [1m[36mTRANSACTION (0.9ms)[0m  [1m[35mCOMMIT[0m
Migrating to RemoveBirthdayFromUsers (20230926130759)
  [1m[35m (7.7ms)[0m  [1m[35mALTER TABLE `users` DROP COLUMN `birthday`[0m
  [1m[36mTRANSACTION (0.3ms)[0m  [1m[35mBEGIN[0m
  [1m[36mActiveRecord::SchemaMigration Create (0.3ms)[0m  [1m[32mINSERT INTO `schema_migrations` (`version`) VALUES ('20230926130759')[0m
  [1m[36mTRANSACTION (1.2ms)[0m  [1m[35mCOMMIT[0m
Migrating to AddRememberDigestToUsers (20231002014446)
  [1m[35m (10.5ms)[0m  [1m[35mALTER TABLE `users` ADD `remember_digest` varchar(255)[0m
  [1m[36mTRANSACTION (0.2ms)[0m  [1m[35mBEGIN[0m
  [1m[36mActiveRecord::SchemaMigration Create (0.2ms)[0m  [1m[32mINSERT INTO `schema_migrations` (`version`) VALUES ('20231002014446')[0m
  [1m[36mTRANSACTION (1.1ms)[0m  [1m[35mCOMMIT[0m
Migrating to AddAdminToUsers (20231022151945)
  [1m[35m (7.7ms)[0m  [1m[35mALTER TABLE `users` ADD `admin` tinyint(1) DEFAULT FALSE[0m
  [1m[36mTRANSACTION (0.2ms)[0m  [1m[35mBEGIN[0m
  [1m[36mActiveRecord::SchemaMigration Create (0.2ms)[0m  [1m[32mINSERT INTO `schema_migrations` (`version`) VALUES ('20231022151945')[0m
  [1m[36mTRANSACTION (1.2ms)[0m  [1m[35mCOMMIT[0m
Migrating to AddActivationToUsers (20231026074454)
  [1m[35m (6.9ms)[0m  [1m[35mALTER TABLE `users` ADD `activation_digest` varchar(255)[0m
  [1m[35m (14.4ms)[0m  [1m[35mALTER TABLE `users` ADD `activated` tinyint(1) DEFAULT FALSE[0m
  [1m[35m (16.1ms)[0m  [1m[35mALTER TABLE `users` ADD `activated_at` datetime(6)[0m
  [1m[36mTRANSACTION (0.2ms)[0m  [1m[35mBEGIN[0m
  [1m[36mActiveRecord::SchemaMigration Create (0.2ms)[0m  [1m[32mINSERT INTO `schema_migrations` (`version`) VALUES ('20231026074454')[0m
  [1m[36mTRANSACTION (1.5ms)[0m  [1m[35mCOMMIT[0m
Migrating to AddResetToUsers (20231105144730)
  [1m[35m (7.8ms)[0m  [1m[35mALTER TABLE `users` ADD `reset_digest` varchar(255)[0m
  [1m[35m (8.0ms)[0m  [1m[35mALTER TABLE `users` ADD `reset_sent_at` datetime(6)[0m
  [1m[36mTRANSACTION (0.2ms)[0m  [1m[35mBEGIN[0m
  [1m[36mActiveRecord::SchemaMigration Create (0.2ms)[0m  [1m[32mINSERT INTO `schema_migrations` (`version`) VALUES ('20231105144730')[0m
  [1m[36mTRANSACTION (0.8ms)[0m  [1m[35mCOMMIT[0m
Migrating to CreateMicroposts (20231107014758)
  [1m[35m (11.4ms)[0m  [1m[35mCREATE TABLE `microposts` (`id` bigint NOT NULL AUTO_INCREMENT PRIMARY KEY, `content` text, `user_id` bigint NOT NULL, `created_at` datetime(6) NOT NULL, `updated_at` datetime(6) NOT NULL, INDEX `index_microposts_on_user_id` (`user_id`), CONSTRAINT `fk_rails_558c81314b`
FOREIGN KEY (`user_id`)
  REFERENCES `users` (`id`)
)[0m
  [1m[35m (8.1ms)[0m  [1m[35mCREATE INDEX `index_microposts_on_user_id_and_created_at` ON `microposts` (`user_id`, `created_at`)[0m
  [1m[36mTRANSACTION (0.3ms)[0m  [1m[35mBEGIN[0m
  [1m[36mActiveRecord::SchemaMigration Create (7.0ms)[0m  [1m[32mINSERT INTO `schema_migrations` (`version`) VALUES ('20231107014758')[0m
  [1m[36mTRANSACTION (4.0ms)[0m  [1m[35mCOMMIT[0m
Migrating to AddPictureToMicroposts (20231111081814)
  [1m[35m (26.8ms)[0m  [1m[35mALTER TABLE `microposts` ADD `picture` varchar(255)[0m
  [1m[36mTRANSACTION (0.2ms)[0m  [1m[35mBEGIN[0m
  [1m[36mActiveRecord::SchemaMigration Create (0.3ms)[0m  [1m[32mINSERT INTO `schema_migrations` (`version`) VALUES ('20231111081814')[0m
  [1m[36mTRANSACTION (3.7ms)[0m  [1m[35mCOMMIT[0m
Migrating to CreateRelationships (20231112062842)
  [1m[35m (23.4ms)[0m  [1m[35mCREATE TABLE `relationships` (`id` bigint NOT NULL AUTO_INCREMENT PRIMARY KEY, `follower_id` int, `followed_id` int, `created_at` datetime(6) NOT NULL, `updated_at` datetime(6) NOT NULL)[0m
  [1m[35m (13.5ms)[0m  [1m[35mCREATE INDEX `index_relationships_on_follower_id` ON `relationships` (`follower_id`)[0m
  [1m[35m (15.1ms)[0m  [1m[35mCREATE INDEX `index_relationships_on_followed_id` ON `relationships` (`followed_id`)[0m
  [1m[35m (9.6ms)[0m  [1m[35mCREATE UNIQUE INDEX `index_relationships_on_follower_id_and_followed_id` ON `relationships` (`follower_id`, `followed_id`)[0m
  [1m[36mTRANSACTION (0.2ms)[0m  [1m[35mBEGIN[0m
  [1m[36mActiveRecord::SchemaMigration Create (0.3ms)[0m  [1m[32mINSERT INTO `schema_migrations` (`version`) VALUES ('20231112062842')[0m
  [1m[36mTRANSACTION (1.2ms)[0m  [1m[35mCOMMIT[0m
  [1m[36mActiveRecord::InternalMetadata Load (0.4ms)[0m  [1m[34mSELECT `ar_internal_metadata`.* FROM `ar_internal_metadata` WHERE `ar_internal_metadata`.`key` = 'environment' LIMIT 1[0m
  [1m[36mTRANSACTION (0.1ms)[0m  [1m[35mBEGIN[0m
  [1m[36mActiveRecord::InternalMetadata Create (0.2ms)[0m  [1m[32mINSERT INTO `ar_internal_metadata` (`key`, `value`, `created_at`, `updated_at`) VALUES ('environment', 'development', '2023-12-14 15:29:50.275520', '2023-12-14 15:29:50.275520')[0m
  [1m[36mTRANSACTION (1.5ms)[0m  [1m[35mCOMMIT[0m
  [1m[35m (0.3ms)[0m  [1m[34mSELECT RELEASE_LOCK('5786334618075594030')[0m
  [1m[36mActiveRecord::SchemaMigration Pluck (0.2ms)[0m  [1m[34mSELECT `schema_migrations`.`version` FROM `schema_migrations` ORDER BY `schema_migrations`.`version` ASC[0m
  [1m[35m (61.9ms)[0m  [1m[35mCREATE TABLE `schema_migrations` (`version` varchar(255) NOT NULL PRIMARY KEY)[0m
  [1m[35m (21.4ms)[0m  [1m[35mCREATE TABLE `ar_internal_metadata` (`key` varchar(255) NOT NULL PRIMARY KEY, `value` varchar(255), `created_at` datetime(6) NOT NULL, `updated_at` datetime(6) NOT NULL)[0m
  [1m[35m (0.1ms)[0m  [1m[34mSELECT GET_LOCK('5786334618075594030', 0)[0m
  [1m[36mActiveRecord::SchemaMigration Pluck (1.8ms)[0m  [1m[34mSELECT `schema_migrations`.`version` FROM `schema_migrations` ORDER BY `schema_migrations`.`version` ASC[0m
Migrating to CreateUsers (20230924075125)
  [1m[35m (9.2ms)[0m  [1m[35mCREATE TABLE `users` (`id` bigint NOT NULL AUTO_INCREMENT PRIMARY KEY, `name` varchar(255), `email` varchar(255), `created_at` datetime(6) NOT NULL, `updated_at` datetime(6) NOT NULL)[0m
  [1m[36mTRANSACTION (0.1ms)[0m  [1m[35mBEGIN[0m
  [1m[36mActiveRecord::SchemaMigration Create (0.2ms)[0m  [1m[32mINSERT INTO `schema_migrations` (`version`) VALUES ('20230924075125')[0m
  [1m[36mTRANSACTION (5.7ms)[0m  [1m[35mCOMMIT[0m
Migrating to AddBirthdayToUsers (20230924094732)
  [1m[35m (8.2ms)[0m  [1m[35mALTER TABLE `users` ADD `birthday` datetime(6)[0m
  [1m[36mTRANSACTION (0.3ms)[0m  [1m[35mBEGIN[0m
  [1m[36mActiveRecord::SchemaMigration Create (0.2ms)[0m  [1m[32mINSERT INTO `schema_migrations` (`version`) VALUES ('20230924094732')[0m
  [1m[36mTRANSACTION (2.0ms)[0m  [1m[35mCOMMIT[0m
Migrating to AddIndexToUsersEmail (20230924141951)
  [1m[35m (7.0ms)[0m  [1m[35mCREATE UNIQUE INDEX `index_users_on_email` ON `users` (`email`)[0m
  [1m[36mTRANSACTION (0.2ms)[0m  [1m[35mBEGIN[0m
  [1m[36mActiveRecord::SchemaMigration Create (0.2ms)[0m  [1m[32mINSERT INTO `schema_migrations` (`version`) VALUES ('20230924141951')[0m
  [1m[36mTRANSACTION (1.8ms)[0m  [1m[35mCOMMIT[0m
Migrating to AddPasswordDigestToUsers (20230924143922)
  [1m[35m (7.1ms)[0m  [1m[35mALTER TABLE `users` ADD `password_digest` varchar(255)[0m
  [1m[36mTRANSACTION (0.2ms)[0m  [1m[35mBEGIN[0m
  [1m[36mActiveRecord::SchemaMigration Create (0.2ms)[0m  [1m[32mINSERT INTO `schema_migrations` (`version`) VALUES ('20230924143922')[0m
  [1m[36mTRANSACTION (1.1ms)[0m  [1m[35mCOMMIT[0m
Migrating to RemovebirthdayFromUsers (20230926130519)
  [1m[36mTRANSACTION (0.1ms)[0m  [1m[35mBEGIN[0m
  [1m[36mActiveRecord::SchemaMigration Create (0.2ms)[0m  [1m[32mINSERT INTO `schema_migrations` (`version`) VALUES ('20230926130519')[0m
  [1m[36mTRANSACTION (1.5ms)[0m  [1m[35mCOMMIT[0m
Migrating to RemoveBirthdayFromUsers (20230926130759)
  [1m[35m (8.2ms)[0m  [1m[35mALTER TABLE `users` DROP COLUMN `birthday`[0m
  [1m[36mTRANSACTION (0.3ms)[0m  [1m[35mBEGIN[0m
  [1m[36mActiveRecord::SchemaMigration Create (0.4ms)[0m  [1m[32mINSERT INTO `schema_migrations` (`version`) VALUES ('20230926130759')[0m
  [1m[36mTRANSACTION (2.1ms)[0m  [1m[35mCOMMIT[0m
Migrating to AddRememberDigestToUsers (20231002014446)
  [1m[35m (8.4ms)[0m  [1m[35mALTER TABLE `users` ADD `remember_digest` varchar(255)[0m
  [1m[36mTRANSACTION (0.2ms)[0m  [1m[35mBEGIN[0m
  [1m[36mActiveRecord::SchemaMigration Create (0.2ms)[0m  [1m[32mINSERT INTO `schema_migrations` (`version`) VALUES ('20231002014446')[0m
  [1m[36mTRANSACTION (1.0ms)[0m  [1m[35mCOMMIT[0m
Migrating to AddAdminToUsers (20231022151945)
  [1m[35m (8.7ms)[0m  [1m[35mALTER TABLE `users` ADD `admin` tinyint(1) DEFAULT FALSE[0m
  [1m[36mTRANSACTION (0.2ms)[0m  [1m[35mBEGIN[0m
  [1m[36mActiveRecord::SchemaMigration Create (0.2ms)[0m  [1m[32mINSERT INTO `schema_migrations` (`version`) VALUES ('20231022151945')[0m
  [1m[36mTRANSACTION (1.0ms)[0m  [1m[35mCOMMIT[0m
Migrating to AddActivationToUsers (20231026074454)
  [1m[35m (6.5ms)[0m  [1m[35mALTER TABLE `users` ADD `activation_digest` varchar(255)[0m
  [1m[35m (13.5ms)[0m  [1m[35mALTER TABLE `users` ADD `activated` tinyint(1) DEFAULT FALSE[0m
  [1m[35m (8.9ms)[0m  [1m[35mALTER TABLE `users` ADD `activated_at` datetime(6)[0m
  [1m[36mTRANSACTION (0.2ms)[0m  [1m[35mBEGIN[0m
  [1m[36mActiveRecord::SchemaMigration Create (0.2ms)[0m  [1m[32mINSERT INTO `schema_migrations` (`version`) VALUES ('20231026074454')[0m
  [1m[36mTRANSACTION (1.3ms)[0m  [1m[35mCOMMIT[0m
Migrating to AddResetToUsers (20231105144730)
  [1m[35m (6.9ms)[0m  [1m[35mALTER TABLE `users` ADD `reset_digest` varchar(255)[0m
  [1m[35m (9.5ms)[0m  [1m[35mALTER TABLE `users` ADD `reset_sent_at` datetime(6)[0m
  [1m[36mTRANSACTION (0.8ms)[0m  [1m[35mBEGIN[0m
  [1m[36mActiveRecord::SchemaMigration Create (0.4ms)[0m  [1m[32mINSERT INTO `schema_migrations` (`version`) VALUES ('20231105144730')[0m
  [1m[36mTRANSACTION (1.9ms)[0m  [1m[35mCOMMIT[0m
Migrating to CreateMicroposts (20231107014758)
  [1m[35m (10.3ms)[0m  [1m[35mCREATE TABLE `microposts` (`id` bigint NOT NULL AUTO_INCREMENT PRIMARY KEY, `content` text, `user_id` bigint NOT NULL, `created_at` datetime(6) NOT NULL, `updated_at` datetime(6) NOT NULL, INDEX `index_microposts_on_user_id` (`user_id`), CONSTRAINT `fk_rails_558c81314b`
FOREIGN KEY (`user_id`)
  REFERENCES `users` (`id`)
)[0m
  [1m[35m (10.9ms)[0m  [1m[35mCREATE INDEX `index_microposts_on_user_id_and_created_at` ON `microposts` (`user_id`, `created_at`)[0m
  [1m[36mTRANSACTION (0.3ms)[0m  [1m[35mBEGIN[0m
  [1m[36mActiveRecord::SchemaMigration Create (0.2ms)[0m  [1m[32mINSERT INTO `schema_migrations` (`version`) VALUES ('20231107014758')[0m
  [1m[36mTRANSACTION (1.0ms)[0m  [1m[35mCOMMIT[0m
Migrating to AddPictureToMicroposts (20231111081814)
  [1m[35m (8.6ms)[0m  [1m[35mALTER TABLE `microposts` ADD `picture` varchar(255)[0m
  [1m[36mTRANSACTION (0.1ms)[0m  [1m[35mBEGIN[0m
  [1m[36mActiveRecord::SchemaMigration Create (0.2ms)[0m  [1m[32mINSERT INTO `schema_migrations` (`version`) VALUES ('20231111081814')[0m
  [1m[36mTRANSACTION (0.7ms)[0m  [1m[35mCOMMIT[0m
Migrating to CreateRelationships (20231112062842)
  [1m[35m (10.1ms)[0m  [1m[35mCREATE TABLE `relationships` (`id` bigint NOT NULL AUTO_INCREMENT PRIMARY KEY, `follower_id` int, `followed_id` int, `created_at` datetime(6) NOT NULL, `updated_at` datetime(6) NOT NULL)[0m
  [1m[35m (6.2ms)[0m  [1m[35mCREATE INDEX `index_relationships_on_follower_id` ON `relationships` (`follower_id`)[0m
  [1m[35m (13.9ms)[0m  [1m[35mCREATE INDEX `index_relationships_on_followed_id` ON `relationships` (`followed_id`)[0m
  [1m[35m (8.8ms)[0m  [1m[35mCREATE UNIQUE INDEX `index_relationships_on_follower_id_and_followed_id` ON `relationships` (`follower_id`, `followed_id`)[0m
  [1m[36mTRANSACTION (0.2ms)[0m  [1m[35mBEGIN[0m
  [1m[36mActiveRecord::SchemaMigration Create (0.2ms)[0m  [1m[32mINSERT INTO `schema_migrations` (`version`) VALUES ('20231112062842')[0m
  [1m[36mTRANSACTION (1.0ms)[0m  [1m[35mCOMMIT[0m
  [1m[36mActiveRecord::InternalMetadata Load (0.4ms)[0m  [1m[34mSELECT `ar_internal_metadata`.* FROM `ar_internal_metadata` WHERE `ar_internal_metadata`.`key` = 'environment' LIMIT 1[0m
  [1m[36mTRANSACTION (0.1ms)[0m  [1m[35mBEGIN[0m
  [1m[36mActiveRecord::InternalMetadata Create (0.2ms)[0m  [1m[32mINSERT INTO `ar_internal_metadata` (`key`, `value`, `created_at`, `updated_at`) VALUES ('environment', 'development', '2023-12-14 15:30:38.228845', '2023-12-14 15:30:38.228845')[0m
  [1m[36mTRANSACTION (2.1ms)[0m  [1m[35mCOMMIT[0m
  [1m[35m (0.2ms)[0m  [1m[34mSELECT RELEASE_LOCK('5786334618075594030')[0m
  [1m[36mActiveRecord::SchemaMigration Pluck (0.1ms)[0m  [1m[34mSELECT `schema_migrations`.`version` FROM `schema_migrations` ORDER BY `schema_migrations`.`version` ASC[0m
Started GET "/" for 192.168.65.1 at 2023-12-14 15:30:43 +0000
Cannot render console from 192.168.65.1! Allowed networks: 127.0.0.0/127.255.255.255, ::1
  [1m[36mActiveRecord::SchemaMigration Pluck (0.5ms)[0m  [1m[34mSELECT `schema_migrations`.`version` FROM `schema_migrations` ORDER BY `schema_migrations`.`version` ASC[0m
Processing by StaticPagesController#home as HTML
  Rendering layout layouts/application.html.erb
  Rendering static_pages/home.html.erb within layouts/application
  Rendered static_pages/home.html.erb within layouts/application (Duration: 117.0ms | Allocations: 30422)
  Rendered layouts/_header.html.erb (Duration: 1.1ms | Allocations: 554)
  Rendered layouts/_footer.html.erb (Duration: 0.5ms | Allocations: 213)
  Rendered layout layouts/application.html.erb (Duration: 140.4ms | Allocations: 39421)
Completed 200 OK in 152ms (Views: 143.8ms | ActiveRecord: 0.0ms | Allocations: 42701)


Started GET "/" for 192.168.65.1 at 2023-12-14 15:34:39 +0000
Cannot render console from 192.168.65.1! Allowed networks: 127.0.0.0/127.255.255.255, ::1
Processing by StaticPagesController#home as HTML
  Rendering layout layouts/application.html.erb
  Rendering static_pages/home.html.erb within layouts/application
  Rendered static_pages/home.html.erb within layouts/application (Duration: 3.4ms | Allocations: 729)
  Rendered layouts/_header.html.erb (Duration: 0.2ms | Allocations: 172)
  Rendered layouts/_footer.html.erb (Duration: 0.1ms | Allocations: 80)
  Rendered layout layouts/application.html.erb (Duration: 14.9ms | Allocations: 8504)
Completed 200 OK in 16ms (Views: 15.7ms | ActiveRecord: 0.0ms | Allocations: 8883)


Started GET "/" for 192.168.65.1 at 2023-12-14 15:35:24 +0000
Cannot render console from 192.168.65.1! Allowed networks: 127.0.0.0/127.255.255.255, ::1
Processing by StaticPagesController#home as HTML
  Rendering layout layouts/application.html.erb
  Rendering static_pages/home.html.erb within layouts/application
  Rendered static_pages/home.html.erb within layouts/application (Duration: 4.4ms | Allocations: 724)
  Rendered layouts/_header.html.erb (Duration: 0.2ms | Allocations: 172)
  Rendered layouts/_footer.html.erb (Duration: 0.1ms | Allocations: 80)
  Rendered layout layouts/application.html.erb (Duration: 18.2ms | Allocations: 8500)
Completed 200 OK in 20ms (Views: 19.3ms | ActiveRecord: 0.0ms | Allocations: 8826)


Started GET "/" for 192.168.65.1 at 2023-12-14 15:35:26 +0000
Cannot render console from 192.168.65.1! Allowed networks: 127.0.0.0/127.255.255.255, ::1
Processing by StaticPagesController#home as HTML
  Rendering layout layouts/application.html.erb
  Rendering static_pages/home.html.erb within layouts/application
  Rendered static_pages/home.html.erb within layouts/application (Duration: 4.9ms | Allocations: 724)
  Rendered layouts/_header.html.erb (Duration: 0.2ms | Allocations: 172)
  Rendered layouts/_footer.html.erb (Duration: 0.1ms | Allocations: 80)
  Rendered layout layouts/application.html.erb (Duration: 20.6ms | Allocations: 8471)
Completed 200 OK in 23ms (Views: 21.8ms | ActiveRecord: 0.0ms | Allocations: 8841)


Started GET "/" for 192.168.65.1 at 2023-12-14 15:35:38 +0000
Cannot render console from 192.168.65.1! Allowed networks: 127.0.0.0/127.255.255.255, ::1
Processing by StaticPagesController#home as HTML
  Rendering layout layouts/application.html.erb
  Rendering static_pages/home.html.erb within layouts/application
  Rendered static_pages/home.html.erb within layouts/application (Duration: 4.2ms | Allocations: 724)
  Rendered layouts/_header.html.erb (Duration: 0.2ms | Allocations: 172)
  Rendered layouts/_footer.html.erb (Duration: 0.1ms | Allocations: 80)
  Rendered layout layouts/application.html.erb (Duration: 18.2ms | Allocations: 8471)
Completed 200 OK in 20ms (Views: 19.2ms | ActiveRecord: 0.0ms | Allocations: 8841)


Started GET "/" for 192.168.65.1 at 2023-12-14 15:35:40 +0000
Cannot render console from 192.168.65.1! Allowed networks: 127.0.0.0/127.255.255.255, ::1
Processing by StaticPagesController#home as HTML
  Rendering layout layouts/application.html.erb
  Rendering static_pages/home.html.erb within layouts/application
  Rendered static_pages/home.html.erb within layouts/application (Duration: 3.7ms | Allocations: 724)
  Rendered layouts/_header.html.erb (Duration: 0.1ms | Allocations: 172)
  Rendered layouts/_footer.html.erb (Duration: 0.1ms | Allocations: 80)
  Rendered layout layouts/application.html.erb (Duration: 20.6ms | Allocations: 8655)
Completed 200 OK in 22ms (Views: 21.4ms | ActiveRecord: 0.0ms | Allocations: 9026)


